<?xml version="1.0" encoding="utf-8"?><testsuites name="pytest tests"><testsuite name="pytest" errors="0" failures="0" skipped="0" tests="13" time="3.773" timestamp="2026-01-03T17:02:56.438850+00:00" hostname="agent-env-389c34fc-ca98-4643-b4ae-1eebeb60f6ce"><testcase classname="tests.test_admin_panel.TestAdminAuthentication" name="test_exclusive_admin_login_success" time="0.279" /><testcase classname="tests.test_admin_panel.TestAdminAuthentication" name="test_blocked_admin_login_should_fail" time="0.262" /><testcase classname="tests.test_admin_panel.TestAdminAuthentication" name="test_invalid_credentials_rejected" time="0.035" /><testcase classname="tests.test_admin_panel.TestAdminDashboard" name="test_platform_stats" time="0.296" /><testcase classname="tests.test_admin_panel.TestAdminDashboard" name="test_platform_stores_list" time="0.302" /><testcase classname="tests.test_admin_panel.TestAdminAnalytics" name="test_analytics_overview" time="0.299" /><testcase classname="tests.test_admin_panel.TestAdminSettings" name="test_get_platform_settings" time="0.335" /><testcase classname="tests.test_admin_panel.TestAdminSettings" name="test_get_feature_flags" time="0.333" /><testcase classname="tests.test_admin_panel.TestAdminSettings" name="test_get_announcements" time="0.331" /><testcase classname="tests.test_admin_panel.TestAdminStoreManagement" name="test_get_all_stores" time="0.300" /><testcase classname="tests.test_admin_panel.TestAdminStoreManagement" name="test_get_store_details" time="0.332" /><testcase classname="tests.test_admin_panel.TestAdminActivityLog" name="test_get_activity_log" time="0.291" /><testcase classname="tests.test_admin_panel.TestAdminActivityLog" name="test_get_login_history" time="0.312" /></testsuite></testsuites>