<?xml version="1.0" encoding="utf-8"?><testsuites name="pytest tests"><testsuite name="pytest" errors="0" failures="0" skipped="0" tests="13" time="3.310" timestamp="2026-01-03T06:10:11.484319+00:00" hostname="agent-env-9014ef21-4917-4772-aa54-054a5f76a56b"><testcase classname="tests.test_domain_verification_token.TestDomainVerificationToken" name="test_01_merchant1_login_success" time="0.303" /><testcase classname="tests.test_domain_verification_token.TestDomainVerificationToken" name="test_02_merchant2_login_success" time="0.266" /><testcase classname="tests.test_domain_verification_token.TestDomainVerificationToken" name="test_03_save_domain_generates_token_with_correct_format" time="0.347" /><testcase classname="tests.test_domain_verification_token.TestDomainVerificationToken" name="test_04_domain_settings_returns_verification_token" time="0.078" /><testcase classname="tests.test_domain_verification_token.TestDomainVerificationToken" name="test_05_different_stores_get_different_tokens" time="0.344" /><testcase classname="tests.test_domain_verification_token.TestDomainVerificationToken" name="test_06_token_regenerated_when_domain_changes" time="0.079" /><testcase classname="tests.test_domain_verification_token.TestDomainVerificationToken" name="test_07_token_preserved_when_same_domain_saved" time="0.128" /><testcase classname="tests.test_domain_verification_token.TestDomainVerificationToken" name="test_08_verify_domain_requires_token" time="0.252" /><testcase classname="tests.test_domain_verification_token.TestDomainVerificationToken" name="test_09_domain_validation_cleans_input" time="0.170" /><testcase classname="tests.test_domain_verification_token.TestDomainVerificationToken" name="test_10_remove_domain_works" time="0.121" /><testcase classname="tests.test_domain_verification_token.TestDomainVerificationToken" name="test_11_unauthorized_access_rejected" time="0.109" /><testcase classname="tests.test_domain_verification_token.TestTokenSecurityFeatures" name="test_token_contains_store_identifier" time="0.300" /><testcase classname="tests.test_domain_verification_token.TestTokenSecurityFeatures" name="test_token_unique_code_is_random" time="0.745" /></testsuite></testsuites>