<?xml version="1.0" encoding="utf-8"?><testsuites name="pytest tests"><testsuite name="pytest" errors="0" failures="0" skipped="3" tests="13" time="2.873" timestamp="2026-01-03T03:18:25.244280+00:00" hostname="agent-env-e72470b5-b29e-4999-81a4-03e5f17453c8"><testcase classname="tests.test_celora_admin_features.TestAdminAuthentication" name="test_admin_login_success" time="0.293" /><testcase classname="tests.test_celora_admin_features.TestAdminAuthentication" name="test_admin_login_invalid_credentials" time="0.267" /><testcase classname="tests.test_celora_admin_features.TestAdminImpersonation" name="test_impersonate_store_owner_success" time="0.305" /><testcase classname="tests.test_celora_admin_features.TestAdminImpersonation" name="test_impersonate_invalid_store" time="0.300" /><testcase classname="tests.test_celora_admin_features.TestAdminImpersonation" name="test_impersonate_without_auth" time="0.037" /><testcase classname="tests.test_celora_admin_features.TestAdminResetPassword" name="test_reset_password_success" time="0.526" /><testcase classname="tests.test_celora_admin_features.TestAdminResetPassword" name="test_reset_password_short_password" time="0.260"><skipped type="pytest.skip" message="Admin authentication failed">/app/tests/test_celora_admin_features.py:126: Admin authentication failed</skipped></testcase><testcase classname="tests.test_celora_admin_features.TestAdminResetPassword" name="test_reset_password_invalid_store" time="0.255"><skipped type="pytest.skip" message="Admin authentication failed">/app/tests/test_celora_admin_features.py:137: Admin authentication failed</skipped></testcase><testcase classname="tests.test_celora_admin_features.TestAdminResetPassword" name="test_reset_password_without_auth" time="0.037" /><testcase classname="tests.test_celora_admin_features.TestCPanelStoreInfo" name="test_valid_subdomain_returns_store_info" time="0.043" /><testcase classname="tests.test_celora_admin_features.TestCPanelStoreInfo" name="test_invalid_subdomain_returns_404" time="0.078" /><testcase classname="tests.test_celora_admin_features.TestCPanelStoreInfo" name="test_nonexistent_subdomain_returns_404" time="0.039" /><testcase classname="tests.test_celora_admin_features.TestPlatformStoresEndpoint" name="test_get_platform_stores" time="0.255"><skipped type="pytest.skip" message="Admin authentication failed">/app/tests/test_celora_admin_features.py:203: Admin authentication failed</skipped></testcase></testsuite></testsuites>