<?xml version="1.0" encoding="utf-8"?><testsuites name="pytest tests"><testsuite name="pytest" errors="0" failures="1" skipped="0" tests="13" time="1.542" timestamp="2026-01-03T05:58:41.465803+00:00" hostname="agent-env-9014ef21-4917-4772-aa54-054a5f76a56b"><testcase classname="tests.test_cpanel_feature.TestCPanelStoreInfoBySubdomain" name="test_get_store_info_valid_subdomain" time="0.066" /><testcase classname="tests.test_cpanel_feature.TestCPanelStoreInfoBySubdomain" name="test_get_store_info_nonexistent_subdomain" time="0.038" /><testcase classname="tests.test_cpanel_feature.TestCPanelStoreInfoBySubdomain" name="test_get_store_info_case_insensitive" time="0.039" /><testcase classname="tests.test_cpanel_feature.TestCPanelStoreInfoByDomain" name="test_get_store_info_valid_custom_domain" time="0.043" /><testcase classname="tests.test_cpanel_feature.TestCPanelStoreInfoByDomain" name="test_get_store_info_nonexistent_domain" time="0.036" /><testcase classname="tests.test_cpanel_feature.TestCPanelStoreInfoByDomain" name="test_get_store_info_domain_with_protocol" time="0.036" /><testcase classname="tests.test_cpanel_feature.TestCPanelLogin" name="test_login_with_subdomain_context" time="0.261" /><testcase classname="tests.test_cpanel_feature.TestCPanelLogin" name="test_login_with_custom_domain_context" time="0.263" /><testcase classname="tests.test_cpanel_feature.TestCPanelLogin" name="test_login_invalid_credentials" time="0.039" /><testcase classname="tests.test_cpanel_feature.TestCPanelLogin" name="test_login_missing_email" time="0.037" /><testcase classname="tests.test_cpanel_feature.TestCPanelLogin" name="test_login_missing_password" time="0.032" /><testcase classname="tests.test_cpanel_feature.TestCPanelLogin" name="test_login_without_store_context" time="0.265" /><testcase classname="tests.test_cpanel_feature.TestCPanelTokenValidation" name="test_token_works_for_merchant_api" time="0.296"><failure message="AssertionError: Expected 200, got 404: {&quot;detail&quot;:&quot;Not Found&quot;}&#10;assert 404 == 200&#10; +  where 404 = &lt;Response [404]&gt;.status_code">tests/test_cpanel_feature.py:192: in test_token_works_for_merchant_api
    assert dashboard_response.status_code == 200, f"Expected 200, got {dashboard_response.status_code}: {dashboard_response.text}"
E   AssertionError: Expected 200, got 404: {"detail":"Not Found"}
E   assert 404 == 200
E    +  where 404 = &lt;Response [404]&gt;.status_code</failure></testcase></testsuite></testsuites>