<?xml version="1.0" encoding="utf-8"?><testsuites name="pytest tests"><testsuite name="pytest" errors="0" failures="0" skipped="0" tests="9" time="0.959" timestamp="2026-01-03T16:16:14.197084+00:00" hostname="agent-env-3862d2b8-942d-44d3-af9d-43ee4c5aec26"><testcase classname="tests.test_celora_audit.TestMerchantAuthentication" name="test_platform_login_with_original_password" time="0.066" /><testcase classname="tests.test_celora_audit.TestMerchantAuthentication" name="test_cpanel_login_with_subdomain" time="0.263" /><testcase classname="tests.test_celora_audit.TestMerchantAuthentication" name="test_invalid_password_rejected" time="0.041" /><testcase classname="tests.test_celora_audit.TestDashboardData" name="test_dashboard_stats" time="0.122" /><testcase classname="tests.test_celora_audit.TestProductsPage" name="test_products_count" time="0.076" /><testcase classname="tests.test_celora_audit.TestOrdersPage" name="test_orders_count" time="0.077" /><testcase classname="tests.test_celora_audit.TestDomainSettings" name="test_domain_settings_accessible" time="0.073" /><testcase classname="tests.test_celora_audit.TestCPanelStoreInfo" name="test_store_info_by_subdomain" time="0.039" /><testcase classname="tests.test_celora_audit.TestStoreFrontend" name="test_store_frontend_renders" time="0.130" /></testsuite></testsuites>