<?xml version="1.0" encoding="utf-8"?><testsuites name="pytest tests"><testsuite name="pytest" errors="0" failures="1" skipped="6" tests="13" time="1.085" timestamp="2026-01-03T03:20:22.491752+00:00" hostname="agent-env-e72470b5-b29e-4999-81a4-03e5f17453c8"><testcase classname="tests.test_celora_admin_features.TestAdminAuthentication" name="test_admin_login_success" time="0.294"><failure message="AssertionError: Expected 200, got 401: {&quot;detail&quot;:&quot;Incorrect email or password&quot;}&#10;assert 401 == 200&#10; +  where 401 = &lt;Response [401]&gt;.status_code">tests/test_celora_admin_features.py:29: in test_admin_login_success
    assert response.status_code == 200, f"Expected 200, got {response.status_code}: {response.text}"
E   AssertionError: Expected 200, got 401: {"detail":"Incorrect email or password"}
E   assert 401 == 200
E    +  where 401 = &lt;Response [401]&gt;.status_code</failure></testcase><testcase classname="tests.test_celora_admin_features.TestAdminAuthentication" name="test_admin_login_invalid_credentials" time="0.259" /><testcase classname="tests.test_celora_admin_features.TestAdminImpersonation" name="test_impersonate_store_owner_success" time="0.264"><skipped type="pytest.skip" message="Admin authentication failed">/app/tests/test_celora_admin_features.py:62: Admin authentication failed</skipped></testcase><testcase classname="tests.test_celora_admin_features.TestAdminImpersonation" name="test_impersonate_invalid_store" time="0.000"><skipped type="pytest.skip" message="Admin authentication failed">/app/tests/test_celora_admin_features.py:79: Admin authentication failed</skipped></testcase><testcase classname="tests.test_celora_admin_features.TestAdminImpersonation" name="test_impersonate_without_auth" time="0.039" /><testcase classname="tests.test_celora_admin_features.TestAdminResetPassword" name="test_reset_password_success" time="0.000"><skipped type="pytest.skip" message="Admin authentication failed">/app/tests/test_celora_admin_features.py:103: Admin authentication failed</skipped></testcase><testcase classname="tests.test_celora_admin_features.TestAdminResetPassword" name="test_reset_password_short_password" time="0.000"><skipped type="pytest.skip" message="Admin authentication failed">/app/tests/test_celora_admin_features.py:116: Admin authentication failed</skipped></testcase><testcase classname="tests.test_celora_admin_features.TestAdminResetPassword" name="test_reset_password_invalid_store" time="0.000"><skipped type="pytest.skip" message="Admin authentication failed">/app/tests/test_celora_admin_features.py:127: Admin authentication failed</skipped></testcase><testcase classname="tests.test_celora_admin_features.TestAdminResetPassword" name="test_reset_password_without_auth" time="0.038" /><testcase classname="tests.test_celora_admin_features.TestCPanelStoreInfo" name="test_valid_subdomain_returns_store_info" time="0.038" /><testcase classname="tests.test_celora_admin_features.TestCPanelStoreInfo" name="test_invalid_subdomain_returns_404" time="0.036" /><testcase classname="tests.test_celora_admin_features.TestCPanelStoreInfo" name="test_nonexistent_subdomain_returns_404" time="0.039" /><testcase classname="tests.test_celora_admin_features.TestPlatformStoresEndpoint" name="test_get_platform_stores" time="0.000"><skipped type="pytest.skip" message="Admin authentication failed">/app/tests/test_celora_admin_features.py:182: Admin authentication failed</skipped></testcase></testsuite></testsuites>