<?xml version="1.0" encoding="utf-8"?><testsuites name="pytest tests"><testsuite name="pytest" errors="0" failures="0" skipped="0" tests="15" time="1.747" timestamp="2026-01-03T04:24:56.933412+00:00" hostname="agent-env-3dd9f85e-df81-497f-9f5f-73afa27ceee7"><testcase classname="tests.test_redirects_custom_scripts.TestCPanelAuthentication" name="test_cpanel_login_success" time="0.292" /><testcase classname="tests.test_redirects_custom_scripts.TestCPanelAuthentication" name="test_cpanel_login_invalid_credentials" time="0.039" /><testcase classname="tests.test_redirects_custom_scripts.TestURLRedirectsAPI" name="test_get_redirects_empty" time="0.340" /><testcase classname="tests.test_redirects_custom_scripts.TestURLRedirectsAPI" name="test_create_redirect_success" time="0.044" /><testcase classname="tests.test_redirects_custom_scripts.TestURLRedirectsAPI" name="test_create_redirect_missing_fields" time="0.039" /><testcase classname="tests.test_redirects_custom_scripts.TestURLRedirectsAPI" name="test_update_redirect_success" time="0.127" /><testcase classname="tests.test_redirects_custom_scripts.TestURLRedirectsAPI" name="test_delete_redirect_success" time="0.161" /><testcase classname="tests.test_redirects_custom_scripts.TestURLRedirectsAPI" name="test_delete_redirect_not_found" time="0.038" /><testcase classname="tests.test_redirects_custom_scripts.TestURLRedirectsAPI" name="test_redirects_without_auth" time="0.077" /><testcase classname="tests.test_redirects_custom_scripts.TestCustomScriptsAPI" name="test_get_custom_scripts" time="0.039" /><testcase classname="tests.test_redirects_custom_scripts.TestCustomScriptsAPI" name="test_update_custom_scripts_success" time="0.079" /><testcase classname="tests.test_redirects_custom_scripts.TestCustomScriptsAPI" name="test_update_custom_scripts_disable" time="0.117" /><testcase classname="tests.test_redirects_custom_scripts.TestCustomScriptsAPI" name="test_custom_scripts_without_auth" time="0.038" /><testcase classname="tests.test_redirects_custom_scripts.TestBulkRedirectImport" name="test_bulk_import_redirects" time="0.043" /><testcase classname="tests.test_redirects_custom_scripts.TestCleanup" name="test_cleanup_test_redirects" time="0.200" /></testsuite></testsuites>