<?xml version="1.0" encoding="utf-8"?><testsuites name="pytest tests"><testsuite name="pytest" errors="0" failures="1" skipped="0" tests="15" time="1.811" timestamp="2026-01-03T04:21:30.138655+00:00" hostname="agent-env-3dd9f85e-df81-497f-9f5f-73afa27ceee7"><testcase classname="tests.test_redirects_custom_scripts.TestCPanelAuthentication" name="test_cpanel_login_success" time="0.323" /><testcase classname="tests.test_redirects_custom_scripts.TestCPanelAuthentication" name="test_cpanel_login_invalid_credentials" time="0.045" /><testcase classname="tests.test_redirects_custom_scripts.TestURLRedirectsAPI" name="test_get_redirects_empty" time="0.305" /><testcase classname="tests.test_redirects_custom_scripts.TestURLRedirectsAPI" name="test_create_redirect_success" time="0.041" /><testcase classname="tests.test_redirects_custom_scripts.TestURLRedirectsAPI" name="test_create_redirect_missing_fields" time="0.044" /><testcase classname="tests.test_redirects_custom_scripts.TestURLRedirectsAPI" name="test_update_redirect_success" time="0.133" /><testcase classname="tests.test_redirects_custom_scripts.TestURLRedirectsAPI" name="test_delete_redirect_success" time="0.199" /><testcase classname="tests.test_redirects_custom_scripts.TestURLRedirectsAPI" name="test_delete_redirect_not_found" time="0.040" /><testcase classname="tests.test_redirects_custom_scripts.TestURLRedirectsAPI" name="test_redirects_without_auth" time="0.037" /><testcase classname="tests.test_redirects_custom_scripts.TestCustomScriptsAPI" name="test_get_custom_scripts" time="0.037"><failure message="AssertionError: Response should contain head_scripts&#10;assert 'head_scripts' in {'google_analytics_id': 'G-TEST12345', 'scripts_enabled': True, 'store_id': 'test-store-001', 'updated_at': '2026-01-03T04:16:15.368000'}">tests/test_redirects_custom_scripts.py:273: in test_get_custom_scripts
    assert field in data, f"Response should contain {field}"
E   AssertionError: Response should contain head_scripts
E   assert 'head_scripts' in {'google_analytics_id': 'G-TEST12345', 'scripts_enabled': True, 'store_id': 'test-store-001', 'updated_at': '2026-01-03T04:16:15.368000'}</failure></testcase><testcase classname="tests.test_redirects_custom_scripts.TestCustomScriptsAPI" name="test_update_custom_scripts_success" time="0.080" /><testcase classname="tests.test_redirects_custom_scripts.TestCustomScriptsAPI" name="test_update_custom_scripts_disable" time="0.114" /><testcase classname="tests.test_redirects_custom_scripts.TestCustomScriptsAPI" name="test_custom_scripts_without_auth" time="0.038" /><testcase classname="tests.test_redirects_custom_scripts.TestBulkRedirectImport" name="test_bulk_import_redirects" time="0.039" /><testcase classname="tests.test_redirects_custom_scripts.TestCleanup" name="test_cleanup_test_redirects" time="0.233" /></testsuite></testsuites>