<?xml version="1.0" encoding="utf-8"?><testsuites name="pytest tests"><testsuite name="pytest" errors="0" failures="0" skipped="0" tests="10" time="1.117" timestamp="2026-01-03T16:36:31.507377+00:00" hostname="agent-env-389c34fc-ca98-4643-b4ae-1eebeb60f6ce"><testcase classname="tests.test_auth_flows.TestAdminLogin" name="test_admin_login_success" time="0.072" /><testcase classname="tests.test_auth_flows.TestAdminLogin" name="test_admin_login_invalid_password" time="0.037" /><testcase classname="tests.test_auth_flows.TestAdminLogin" name="test_admin_login_invalid_email" time="0.036" /><testcase classname="tests.test_auth_flows.TestMerchantLogin" name="test_merchant_login_eddie" time="0.037" /><testcase classname="tests.test_auth_flows.TestMerchantLogin" name="test_merchant_login_test_user" time="0.257" /><testcase classname="tests.test_auth_flows.TestMerchantLogin" name="test_merchant_login_invalid_credentials" time="0.036" /><testcase classname="tests.test_auth_flows.TestCPanelLogin" name="test_cpanel_store_info_by_subdomain" time="0.036" /><testcase classname="tests.test_auth_flows.TestCPanelLogin" name="test_cpanel_store_info_nonexistent" time="0.031" /><testcase classname="tests.test_auth_flows.TestCPanelLogin" name="test_cpanel_login_with_subdomain" time="0.258" /><testcase classname="tests.test_auth_flows.TestAuthEndpoints" name="test_auth_login_endpoint_exists" time="0.254" /></testsuite></testsuites>