<?xml version="1.0" encoding="utf-8"?><testsuites name="pytest tests"><testsuite name="pytest" errors="0" failures="0" skipped="0" tests="13" time="1.569" timestamp="2026-01-03T05:59:07.691411+00:00" hostname="agent-env-9014ef21-4917-4772-aa54-054a5f76a56b"><testcase classname="tests.test_cpanel_feature.TestCPanelStoreInfoBySubdomain" name="test_get_store_info_valid_subdomain" time="0.056" /><testcase classname="tests.test_cpanel_feature.TestCPanelStoreInfoBySubdomain" name="test_get_store_info_nonexistent_subdomain" time="0.079" /><testcase classname="tests.test_cpanel_feature.TestCPanelStoreInfoBySubdomain" name="test_get_store_info_case_insensitive" time="0.037" /><testcase classname="tests.test_cpanel_feature.TestCPanelStoreInfoByDomain" name="test_get_store_info_valid_custom_domain" time="0.038" /><testcase classname="tests.test_cpanel_feature.TestCPanelStoreInfoByDomain" name="test_get_store_info_nonexistent_domain" time="0.034" /><testcase classname="tests.test_cpanel_feature.TestCPanelStoreInfoByDomain" name="test_get_store_info_domain_with_protocol" time="0.042" /><testcase classname="tests.test_cpanel_feature.TestCPanelLogin" name="test_login_with_subdomain_context" time="0.260" /><testcase classname="tests.test_cpanel_feature.TestCPanelLogin" name="test_login_with_custom_domain_context" time="0.260" /><testcase classname="tests.test_cpanel_feature.TestCPanelLogin" name="test_login_invalid_credentials" time="0.043" /><testcase classname="tests.test_cpanel_feature.TestCPanelLogin" name="test_login_missing_email" time="0.045" /><testcase classname="tests.test_cpanel_feature.TestCPanelLogin" name="test_login_missing_password" time="0.038" /><testcase classname="tests.test_cpanel_feature.TestCPanelLogin" name="test_login_without_store_context" time="0.274" /><testcase classname="tests.test_cpanel_feature.TestCPanelTokenValidation" name="test_token_works_for_merchant_api" time="0.301" /></testsuite></testsuites>