<?xml version="1.0" encoding="utf-8"?><testsuites name="pytest tests"><testsuite name="pytest" errors="0" failures="0" skipped="0" tests="12" time="2.954" timestamp="2026-01-03T16:07:40.554838+00:00" hostname="agent-env-3862d2b8-942d-44d3-af9d-43ee4c5aec26"><testcase classname="tests.test_auth_endpoints.TestAdminAuth" name="test_admin_login_success" time="0.350" /><testcase classname="tests.test_auth_endpoints.TestAdminAuth" name="test_admin_login_invalid_password" time="0.269" /><testcase classname="tests.test_auth_endpoints.TestAdminAuth" name="test_admin_login_invalid_email" time="0.043" /><testcase classname="tests.test_auth_endpoints.TestMerchantAuth" name="test_merchant_login_eddie_success" time="0.283" /><testcase classname="tests.test_auth_endpoints.TestMerchantAuth" name="test_merchant_login_test_user_success" time="0.282" /><testcase classname="tests.test_auth_endpoints.TestMerchantAuth" name="test_merchant_login_invalid_password" time="0.276" /><testcase classname="tests.test_auth_endpoints.TestMerchantAuth" name="test_merchant_login_invalid_email" time="0.041" /><testcase classname="tests.test_auth_endpoints.TestMerchantDomainSettings" name="test_get_domain_settings" time="0.316" /><testcase classname="tests.test_auth_endpoints.TestMerchantDomainSettings" name="test_get_domain_settings_no_auth" time="0.037" /><testcase classname="tests.test_auth_endpoints.TestMerchantProducts" name="test_get_products" time="0.320" /><testcase classname="tests.test_auth_endpoints.TestMerchantOrders" name="test_get_orders" time="0.335" /><testcase classname="tests.test_auth_endpoints.TestMerchantRedirects" name="test_get_redirects" time="0.329" /></testsuite></testsuites>